2025-12-16 19:01:07,680 - init_mode - INFO - [N/A] - [GENERAL] - core.py:987 - 开始执行初始化任务，基础路径: .
2025-12-16 19:01:07,681 - init_mode - INFO - [N/A] - [GENERAL] - core.py:267 - 开始初始化项目文件夹结构，基础路径: .
2025-12-16 19:01:07,681 - init_mode - INFO - [N/A] - [GENERAL] - core.py:309 - 项目文件夹结构初始化完成，成功创建: 0/12 个文件夹
2025-12-16 19:01:07,682 - init_mode - INFO - [N/A] - [GENERAL] - core.py:339 - 开始自动重命名文件/文件夹，mod_root: C:\Users\Roki\Documents\GitHub\Tool\legacy\Localization_Tool\File
2025-12-16 19:01:07,683 - init_mode - INFO - [N/A] - [GENERAL] - core.py:157 - 基于行的解析成功读取mod_info.json: C:\Users\Roki\Documents\GitHub\Tool\legacy\Localization_Tool\File\source/Chinese\Quality Captains 高质量舰长 1.7.0\mod_info.json
2025-12-16 19:01:07,684 - init_mode - INFO - [N/A] - [GENERAL] - core.py:429 - 跳过文件夹: C:\Users\Roki\Documents\GitHub\Tool\legacy\Localization_Tool\File\source/Chinese\Quality Captains 高质量舰长 1.7.0, 原因: 文件夹名称已符合要求
2025-12-16 19:01:07,685 - init_mode - INFO - [N/A] - [GENERAL] - core.py:157 - 基于行的解析成功读取mod_info.json: C:\Users\Roki\Documents\GitHub\Tool\legacy\Localization_Tool\File\source/Chinese\Second-in-Command 舰队副官 1.7.0\mod_info.json
2025-12-16 19:01:07,685 - init_mode - INFO - [N/A] - [GENERAL] - core.py:429 - 跳过文件夹: C:\Users\Roki\Documents\GitHub\Tool\legacy\Localization_Tool\File\source/Chinese\Second-in-Command 舰队副官 1.7.0, 原因: 文件夹名称已符合要求
2025-12-16 19:01:07,685 - init_mode - INFO - [N/A] - [GENERAL] - core.py:157 - 基于行的解析成功读取mod_info.json: C:\Users\Roki\Documents\GitHub\Tool\legacy\Localization_Tool\File\source/English\Quality Captains 1.7.0\mod_info.json
2025-12-16 19:01:07,686 - init_mode - INFO - [N/A] - [GENERAL] - core.py:429 - 跳过文件夹: C:\Users\Roki\Documents\GitHub\Tool\legacy\Localization_Tool\File\source/English\Quality Captains 1.7.0, 原因: 文件夹名称已符合要求
2025-12-16 19:01:07,686 - init_mode - INFO - [N/A] - [GENERAL] - core.py:157 - 基于行的解析成功读取mod_info.json: C:\Users\Roki\Documents\GitHub\Tool\legacy\Localization_Tool\File\source/English\Second-in-Command 1.7.0\mod_info.json
2025-12-16 19:01:07,687 - init_mode - INFO - [N/A] - [GENERAL] - core.py:429 - 跳过文件夹: C:\Users\Roki\Documents\GitHub\Tool\legacy\Localization_Tool\File\source/English\Second-in-Command 1.7.0, 原因: 文件夹名称已符合要求
2025-12-16 19:01:07,687 - init_mode - INFO - [N/A] - [GENERAL] - core.py:157 - 基于行的解析成功读取mod_info.json: C:\Users\Roki\Documents\GitHub\Tool\legacy\Localization_Tool\File\source/English\TestMod 1.0.0\mod_info.json
2025-12-16 19:01:07,687 - init_mode - INFO - [N/A] - [GENERAL] - core.py:429 - 跳过文件夹: C:\Users\Roki\Documents\GitHub\Tool\legacy\Localization_Tool\File\source/English\TestMod 1.0.0, 原因: 文件夹名称已符合要求
2025-12-16 19:01:07,688 - init_mode - INFO - [N/A] - [GENERAL] - core.py:157 - 基于行的解析成功读取mod_info.json: C:\Users\Roki\Documents\GitHub\Tool\legacy\Localization_Tool\File\source_backup/Chinese\Quality Captains 高质量舰长 1.7.0\mod_info.json
2025-12-16 19:01:07,688 - init_mode - INFO - [N/A] - [GENERAL] - core.py:429 - 跳过文件夹: C:\Users\Roki\Documents\GitHub\Tool\legacy\Localization_Tool\File\source_backup/Chinese\Quality Captains 高质量舰长 1.7.0, 原因: 文件夹名称已符合要求
2025-12-16 19:01:07,688 - init_mode - INFO - [N/A] - [GENERAL] - core.py:157 - 基于行的解析成功读取mod_info.json: C:\Users\Roki\Documents\GitHub\Tool\legacy\Localization_Tool\File\source_backup/Chinese\Second-in-Command 舰队副官 1.7.0\mod_info.json
2025-12-16 19:01:07,689 - init_mode - INFO - [N/A] - [GENERAL] - core.py:429 - 跳过文件夹: C:\Users\Roki\Documents\GitHub\Tool\legacy\Localization_Tool\File\source_backup/Chinese\Second-in-Command 舰队副官 1.7.0, 原因: 文件夹名称已符合要求
2025-12-16 19:01:07,689 - init_mode - INFO - [N/A] - [GENERAL] - core.py:157 - 基于行的解析成功读取mod_info.json: C:\Users\Roki\Documents\GitHub\Tool\legacy\Localization_Tool\File\source_backup/English\Quality Captains 1.7.0\mod_info.json
2025-12-16 19:01:07,689 - init_mode - INFO - [N/A] - [GENERAL] - core.py:429 - 跳过文件夹: C:\Users\Roki\Documents\GitHub\Tool\legacy\Localization_Tool\File\source_backup/English\Quality Captains 1.7.0, 原因: 文件夹名称已符合要求
2025-12-16 19:01:07,690 - init_mode - INFO - [N/A] - [GENERAL] - core.py:157 - 基于行的解析成功读取mod_info.json: C:\Users\Roki\Documents\GitHub\Tool\legacy\Localization_Tool\File\source_backup/English\Second-in-Command 1.7.0\mod_info.json
2025-12-16 19:01:07,690 - init_mode - INFO - [N/A] - [GENERAL] - core.py:429 - 跳过文件夹: C:\Users\Roki\Documents\GitHub\Tool\legacy\Localization_Tool\File\source_backup/English\Second-in-Command 1.7.0, 原因: 文件夹名称已符合要求
2025-12-16 19:01:07,690 - init_mode - INFO - [N/A] - [GENERAL] - core.py:157 - 基于行的解析成功读取mod_info.json: C:\Users\Roki\Documents\GitHub\Tool\legacy\Localization_Tool\File\source_backup/English\TestMod 1.0.0\mod_info.json
2025-12-16 19:01:07,690 - init_mode - INFO - [N/A] - [GENERAL] - core.py:429 - 跳过文件夹: C:\Users\Roki\Documents\GitHub\Tool\legacy\Localization_Tool\File\source_backup/English\TestMod 1.0.0, 原因: 文件夹名称已符合要求
2025-12-16 19:01:07,690 - init_mode - INFO - [N/A] - [GENERAL] - core.py:459 - 自动重命名完成，成功: 0, 失败: 0, 跳过: 10
2025-12-16 19:01:07,691 - init_mode - INFO - [N/A] - [RENAME] - core.py:996 - 开始执行文件夹重命名任务
2025-12-16 19:01:07,691 - init_mode - INFO - [N/A] - [RENAME_UNKNOWN] - core.py:1031 - 开始重命名 C:\Users\Roki\Documents\GitHub\Tool\legacy\Localization_Tool\File\source/Chinese 下的模组文件夹
2025-12-16 19:01:07,693 - init_mode - INFO - [N/A] - [RENAME_UNKNOWN] - core.py:1035 - 重命名完成: C:\Users\Roki\Documents\GitHub\Tool\legacy\Localization_Tool\File\source/Chinese
2025-12-16 19:01:07,693 - init_mode - INFO - [N/A] - [RENAME_UNKNOWN] - core.py:1031 - 开始重命名 C:\Users\Roki\Documents\GitHub\Tool\legacy\Localization_Tool\File\source/English 下的模组文件夹
2025-12-16 19:01:07,696 - init_mode - INFO - [N/A] - [RENAME_UNKNOWN] - core.py:1035 - 重命名完成: C:\Users\Roki\Documents\GitHub\Tool\legacy\Localization_Tool\File\source/English
2025-12-16 19:01:07,696 - init_mode - INFO - [N/A] - [RENAME_UNKNOWN] - core.py:1031 - 开始重命名 C:\Users\Roki\Documents\GitHub\Tool\legacy\Localization_Tool\File\source_backup/Chinese 下的模组文件夹
2025-12-16 19:01:07,698 - init_mode - INFO - [N/A] - [RENAME_UNKNOWN] - core.py:1035 - 重命名完成: C:\Users\Roki\Documents\GitHub\Tool\legacy\Localization_Tool\File\source_backup/Chinese
2025-12-16 19:01:07,699 - init_mode - INFO - [N/A] - [RENAME_UNKNOWN] - core.py:1031 - 开始重命名 C:\Users\Roki\Documents\GitHub\Tool\legacy\Localization_Tool\File\source_backup/English 下的模组文件夹
2025-12-16 19:01:07,701 - init_mode - INFO - [N/A] - [RENAME_UNKNOWN] - core.py:1035 - 重命名完成: C:\Users\Roki\Documents\GitHub\Tool\legacy\Localization_Tool\File\source_backup/English
2025-12-16 19:01:07,701 - init_mode - INFO - [N/A] - [BACKUP_RESTORE] - core.py:1046 - 开始执行备份恢复任务
2025-12-16 19:01:08,333 - init_mode - INFO - [N/A] - [BUILD_MOD_MAPPINGS] - core.py:1064 - 开始构建mod映射关系
2025-12-16 19:01:08,334 - init_mode - INFO - [N/A] - [GENERAL] - core.py:477 - 开始构建mod映射关系，mod_root: C:\Users\Roki\Documents\GitHub\Tool\legacy\Localization_Tool\File
2025-12-16 19:01:08,334 - init_mode - INFO - [N/A] - [GENERAL] - core.py:500 - 处理目录: C:\Users\Roki\Documents\GitHub\Tool\legacy\Localization_Tool\File\source\Chinese (source_type: source, language: Chinese)
2025-12-16 19:01:08,334 - init_mode - INFO - [N/A] - [GENERAL] - core.py:157 - 基于行的解析成功读取mod_info.json: C:\Users\Roki\Documents\GitHub\Tool\legacy\Localization_Tool\File\source\Chinese\Quality Captains 高质量舰长 1.7.0\mod_info.json
2025-12-16 19:01:08,335 - init_mode - INFO - [N/A] - [GENERAL] - core.py:157 - 基于行的解析成功读取mod_info.json: C:\Users\Roki\Documents\GitHub\Tool\legacy\Localization_Tool\File\source\Chinese\Second-in-Command 舰队副官 1.7.0\mod_info.json
2025-12-16 19:01:08,335 - init_mode - INFO - [N/A] - [GENERAL] - core.py:500 - 处理目录: C:\Users\Roki\Documents\GitHub\Tool\legacy\Localization_Tool\File\source\English (source_type: source, language: English)
2025-12-16 19:01:08,336 - init_mode - INFO - [N/A] - [GENERAL] - core.py:157 - 基于行的解析成功读取mod_info.json: C:\Users\Roki\Documents\GitHub\Tool\legacy\Localization_Tool\File\source\English\Quality Captains 1.7.0\mod_info.json
2025-12-16 19:01:08,336 - init_mode - INFO - [N/A] - [GENERAL] - core.py:157 - 基于行的解析成功读取mod_info.json: C:\Users\Roki\Documents\GitHub\Tool\legacy\Localization_Tool\File\source\English\Second-in-Command 1.7.0\mod_info.json
2025-12-16 19:01:08,336 - init_mode - INFO - [N/A] - [GENERAL] - core.py:157 - 基于行的解析成功读取mod_info.json: C:\Users\Roki\Documents\GitHub\Tool\legacy\Localization_Tool\File\source\English\TestMod 1.0.0\mod_info.json
2025-12-16 19:01:08,337 - init_mode - INFO - [N/A] - [GENERAL] - core.py:500 - 处理目录: C:\Users\Roki\Documents\GitHub\Tool\legacy\Localization_Tool\File\source_backup\Chinese (source_type: source_backup, language: Chinese)
2025-12-16 19:01:08,337 - init_mode - INFO - [N/A] - [GENERAL] - core.py:157 - 基于行的解析成功读取mod_info.json: C:\Users\Roki\Documents\GitHub\Tool\legacy\Localization_Tool\File\source_backup\Chinese\Quality Captains 高质量舰长 1.7.0\mod_info.json
2025-12-16 19:01:08,337 - init_mode - INFO - [N/A] - [GENERAL] - core.py:157 - 基于行的解析成功读取mod_info.json: C:\Users\Roki\Documents\GitHub\Tool\legacy\Localization_Tool\File\source_backup\Chinese\Second-in-Command 舰队副官 1.7.0\mod_info.json
2025-12-16 19:01:08,337 - init_mode - INFO - [N/A] - [GENERAL] - core.py:500 - 处理目录: C:\Users\Roki\Documents\GitHub\Tool\legacy\Localization_Tool\File\source_backup\English (source_type: source_backup, language: English)
2025-12-16 19:01:08,338 - init_mode - INFO - [N/A] - [GENERAL] - core.py:157 - 基于行的解析成功读取mod_info.json: C:\Users\Roki\Documents\GitHub\Tool\legacy\Localization_Tool\File\source_backup\English\Quality Captains 1.7.0\mod_info.json
2025-12-16 19:01:08,338 - init_mode - INFO - [N/A] - [GENERAL] - core.py:157 - 基于行的解析成功读取mod_info.json: C:\Users\Roki\Documents\GitHub\Tool\legacy\Localization_Tool\File\source_backup\English\Second-in-Command 1.7.0\mod_info.json
2025-12-16 19:01:08,339 - init_mode - INFO - [N/A] - [GENERAL] - core.py:157 - 基于行的解析成功读取mod_info.json: C:\Users\Roki\Documents\GitHub\Tool\legacy\Localization_Tool\File\source_backup\English\TestMod 1.0.0\mod_info.json
2025-12-16 19:01:08,339 - init_mode - INFO - [N/A] - [GENERAL] - core.py:543 - mod映射构建完成，成功: 10, 失败: 0, 跳过: 0
2025-12-16 19:01:08,339 - init_mode - INFO - [N/A] - [BUILD_GROUP_MAPPINGS] - core.py:1068 - 开始构建分组映射关系
2025-12-16 19:01:08,339 - init_mode - INFO - [N/A] - [GENERAL] - core.py:629 - 开始构建分组映射关系，mod_root: C:\Users\Roki\Documents\GitHub\Tool\legacy\Localization_Tool\File
2025-12-16 19:01:08,339 - init_mode - INFO - [N/A] - [GENERAL] - core.py:681 - 构建分组映射: QualityCaptains
2025-12-16 19:01:08,339 - init_mode - INFO - [N/A] - [GENERAL] - core.py:681 - 构建分组映射: second_in_command
2025-12-16 19:01:08,339 - init_mode - INFO - [N/A] - [GENERAL] - core.py:681 - 构建分组映射: testmod
2025-12-16 19:01:08,339 - init_mode - INFO - [N/A] - [GENERAL] - core.py:687 - 分组映射构建完成，成功: 3, 失败: 0, 跳过: 0
2025-12-16 19:01:08,340 - init_mode - INFO - [N/A] - [GENERAL] - core.py:1128 - 初始化任务执行完成，成功: 18/40
