2025-12-16 21:32:46,778 - init_mode - INFO - [N/A] - [GENERAL] - core.py:1030 - 开始执行初始化任务，基础路径: c:\Users\Roki\Documents\GitHub\Tool\legacy\Localization_Tool\File
2025-12-16 21:32:46,778 - init_mode - INFO - [N/A] - [GENERAL] - core.py:267 - 开始初始化项目文件夹结构，基础路径: c:\Users\Roki\Documents\GitHub\Tool\legacy\Localization_Tool\File
2025-12-16 21:32:46,779 - init_mode - INFO - [N/A] - [GENERAL] - core.py:309 - 项目文件夹结构初始化完成，成功创建: 0/12 个文件夹
2025-12-16 21:32:46,779 - init_mode - INFO - [N/A] - [GENERAL] - core.py:339 - 开始自动重命名文件/文件夹，mod_root: c:\Users\Roki\Documents\GitHub\Tool\legacy\Localization_Tool\File
2025-12-16 21:32:46,780 - init_mode - INFO - [N/A] - [GENERAL] - core.py:157 - 基于行的解析成功读取mod_info.json: c:\Users\Roki\Documents\GitHub\Tool\legacy\Localization_Tool\File\source/Chinese\Quality Captains 高质量舰长 1.7.0\mod_info.json
2025-12-16 21:32:46,780 - init_mode - INFO - [N/A] - [GENERAL] - core.py:429 - 跳过文件夹: c:\Users\Roki\Documents\GitHub\Tool\legacy\Localization_Tool\File\source/Chinese\Quality Captains 高质量舰长 1.7.0, 原因: 文件夹名称已符合要求
2025-12-16 21:32:46,781 - init_mode - INFO - [N/A] - [GENERAL] - core.py:157 - 基于行的解析成功读取mod_info.json: c:\Users\Roki\Documents\GitHub\Tool\legacy\Localization_Tool\File\source/Chinese\Second-in-Command 舰队副官 1.7.0\mod_info.json
2025-12-16 21:32:46,781 - init_mode - INFO - [N/A] - [GENERAL] - core.py:429 - 跳过文件夹: c:\Users\Roki\Documents\GitHub\Tool\legacy\Localization_Tool\File\source/Chinese\Second-in-Command 舰队副官 1.7.0, 原因: 文件夹名称已符合要求
2025-12-16 21:32:46,782 - init_mode - INFO - [N/A] - [GENERAL] - core.py:157 - 基于行的解析成功读取mod_info.json: c:\Users\Roki\Documents\GitHub\Tool\legacy\Localization_Tool\File\source/English\Quality Captains 1.7.0\mod_info.json
2025-12-16 21:32:46,782 - init_mode - INFO - [N/A] - [GENERAL] - core.py:429 - 跳过文件夹: c:\Users\Roki\Documents\GitHub\Tool\legacy\Localization_Tool\File\source/English\Quality Captains 1.7.0, 原因: 文件夹名称已符合要求
2025-12-16 21:32:46,782 - init_mode - INFO - [N/A] - [GENERAL] - core.py:157 - 基于行的解析成功读取mod_info.json: c:\Users\Roki\Documents\GitHub\Tool\legacy\Localization_Tool\File\source/English\Second-in-Command 1.7.0\mod_info.json
2025-12-16 21:32:46,783 - init_mode - INFO - [N/A] - [GENERAL] - core.py:429 - 跳过文件夹: c:\Users\Roki\Documents\GitHub\Tool\legacy\Localization_Tool\File\source/English\Second-in-Command 1.7.0, 原因: 文件夹名称已符合要求
2025-12-16 21:32:46,783 - init_mode - INFO - [N/A] - [GENERAL] - core.py:157 - 基于行的解析成功读取mod_info.json: c:\Users\Roki\Documents\GitHub\Tool\legacy\Localization_Tool\File\source/English\TestMod 1.0.0\mod_info.json
2025-12-16 21:32:46,783 - init_mode - INFO - [N/A] - [GENERAL] - core.py:429 - 跳过文件夹: c:\Users\Roki\Documents\GitHub\Tool\legacy\Localization_Tool\File\source/English\TestMod 1.0.0, 原因: 文件夹名称已符合要求
2025-12-16 21:32:46,784 - init_mode - INFO - [N/A] - [GENERAL] - core.py:157 - 基于行的解析成功读取mod_info.json: c:\Users\Roki\Documents\GitHub\Tool\legacy\Localization_Tool\File\source_backup/Chinese\Quality Captains 高质量舰长 1.7.0\mod_info.json
2025-12-16 21:32:46,784 - init_mode - INFO - [N/A] - [GENERAL] - core.py:429 - 跳过文件夹: c:\Users\Roki\Documents\GitHub\Tool\legacy\Localization_Tool\File\source_backup/Chinese\Quality Captains 高质量舰长 1.7.0, 原因: 文件夹名称已符合要求
2025-12-16 21:32:46,784 - init_mode - INFO - [N/A] - [GENERAL] - core.py:157 - 基于行的解析成功读取mod_info.json: c:\Users\Roki\Documents\GitHub\Tool\legacy\Localization_Tool\File\source_backup/Chinese\Second-in-Command 舰队副官 1.7.0\mod_info.json
2025-12-16 21:32:46,784 - init_mode - INFO - [N/A] - [GENERAL] - core.py:429 - 跳过文件夹: c:\Users\Roki\Documents\GitHub\Tool\legacy\Localization_Tool\File\source_backup/Chinese\Second-in-Command 舰队副官 1.7.0, 原因: 文件夹名称已符合要求
2025-12-16 21:32:46,785 - init_mode - INFO - [N/A] - [GENERAL] - core.py:157 - 基于行的解析成功读取mod_info.json: c:\Users\Roki\Documents\GitHub\Tool\legacy\Localization_Tool\File\source_backup/English\Quality Captains 1.7.0\mod_info.json
2025-12-16 21:32:46,785 - init_mode - INFO - [N/A] - [GENERAL] - core.py:429 - 跳过文件夹: c:\Users\Roki\Documents\GitHub\Tool\legacy\Localization_Tool\File\source_backup/English\Quality Captains 1.7.0, 原因: 文件夹名称已符合要求
2025-12-16 21:32:46,785 - init_mode - INFO - [N/A] - [GENERAL] - core.py:157 - 基于行的解析成功读取mod_info.json: c:\Users\Roki\Documents\GitHub\Tool\legacy\Localization_Tool\File\source_backup/English\Second-in-Command 1.7.0\mod_info.json
2025-12-16 21:32:46,785 - init_mode - INFO - [N/A] - [GENERAL] - core.py:429 - 跳过文件夹: c:\Users\Roki\Documents\GitHub\Tool\legacy\Localization_Tool\File\source_backup/English\Second-in-Command 1.7.0, 原因: 文件夹名称已符合要求
2025-12-16 21:32:46,786 - init_mode - INFO - [N/A] - [GENERAL] - core.py:157 - 基于行的解析成功读取mod_info.json: c:\Users\Roki\Documents\GitHub\Tool\legacy\Localization_Tool\File\source_backup/English\TestMod 1.0.0\mod_info.json
2025-12-16 21:32:46,786 - init_mode - INFO - [N/A] - [GENERAL] - core.py:429 - 跳过文件夹: c:\Users\Roki\Documents\GitHub\Tool\legacy\Localization_Tool\File\source_backup/English\TestMod 1.0.0, 原因: 文件夹名称已符合要求
2025-12-16 21:32:46,786 - init_mode - INFO - [N/A] - [GENERAL] - core.py:459 - 自动重命名完成，成功: 0, 失败: 0, 跳过: 10
2025-12-16 21:32:46,786 - init_mode - INFO - [N/A] - [RENAME] - core.py:1039 - 开始执行文件夹重命名任务
2025-12-16 21:32:46,786 - init_mode - INFO - [N/A] - [RENAME_UNKNOWN] - core.py:1074 - 开始重命名 c:\Users\Roki\Documents\GitHub\Tool\legacy\Localization_Tool\File\source/Chinese 下的模组文件夹
2025-12-16 21:32:46,788 - init_mode - INFO - [N/A] - [RENAME_UNKNOWN] - core.py:1078 - 重命名完成: c:\Users\Roki\Documents\GitHub\Tool\legacy\Localization_Tool\File\source/Chinese
2025-12-16 21:32:46,789 - init_mode - INFO - [N/A] - [RENAME_UNKNOWN] - core.py:1074 - 开始重命名 c:\Users\Roki\Documents\GitHub\Tool\legacy\Localization_Tool\File\source/English 下的模组文件夹
2025-12-16 21:32:46,791 - init_mode - INFO - [N/A] - [RENAME_UNKNOWN] - core.py:1078 - 重命名完成: c:\Users\Roki\Documents\GitHub\Tool\legacy\Localization_Tool\File\source/English
2025-12-16 21:32:46,791 - init_mode - INFO - [N/A] - [RENAME_UNKNOWN] - core.py:1074 - 开始重命名 c:\Users\Roki\Documents\GitHub\Tool\legacy\Localization_Tool\File\source_backup/Chinese 下的模组文件夹
2025-12-16 21:32:46,793 - init_mode - INFO - [N/A] - [RENAME_UNKNOWN] - core.py:1078 - 重命名完成: c:\Users\Roki\Documents\GitHub\Tool\legacy\Localization_Tool\File\source_backup/Chinese
2025-12-16 21:32:46,793 - init_mode - INFO - [N/A] - [RENAME_UNKNOWN] - core.py:1074 - 开始重命名 c:\Users\Roki\Documents\GitHub\Tool\legacy\Localization_Tool\File\source_backup/English 下的模组文件夹
2025-12-16 21:32:46,795 - init_mode - INFO - [N/A] - [RENAME_UNKNOWN] - core.py:1078 - 重命名完成: c:\Users\Roki\Documents\GitHub\Tool\legacy\Localization_Tool\File\source_backup/English
2025-12-16 21:32:46,795 - init_mode - INFO - [N/A] - [BACKUP_RESTORE] - core.py:1089 - 开始执行备份恢复任务
2025-12-16 21:32:47,537 - init_mode - INFO - [N/A] - [BUILD_MOD_MAPPINGS] - core.py:1107 - 开始构建mod映射关系
2025-12-16 21:32:47,537 - init_mode - INFO - [N/A] - [GENERAL] - core.py:477 - 开始构建mod映射关系，mod_root: c:\Users\Roki\Documents\GitHub\Tool\legacy\Localization_Tool\File
2025-12-16 21:32:47,538 - init_mode - INFO - [N/A] - [GENERAL] - core.py:499 - 处理目录: c:\Users\Roki\Documents\GitHub\Tool\legacy\Localization_Tool\File\source\Chinese (source_type: source, language: Chinese)
2025-12-16 21:32:47,539 - init_mode - INFO - [N/A] - [GENERAL] - core.py:157 - 基于行的解析成功读取mod_info.json: c:\Users\Roki\Documents\GitHub\Tool\legacy\Localization_Tool\File\source\Chinese\Quality Captains 高质量舰长 1.7.0\mod_info.json
2025-12-16 21:32:47,540 - init_mode - INFO - [N/A] - [GENERAL] - core.py:157 - 基于行的解析成功读取mod_info.json: c:\Users\Roki\Documents\GitHub\Tool\legacy\Localization_Tool\File\source\Chinese\Second-in-Command 舰队副官 1.7.0\mod_info.json
2025-12-16 21:32:47,540 - init_mode - INFO - [N/A] - [GENERAL] - core.py:499 - 处理目录: c:\Users\Roki\Documents\GitHub\Tool\legacy\Localization_Tool\File\source\English (source_type: source, language: English)
2025-12-16 21:32:47,542 - init_mode - INFO - [N/A] - [GENERAL] - core.py:157 - 基于行的解析成功读取mod_info.json: c:\Users\Roki\Documents\GitHub\Tool\legacy\Localization_Tool\File\source\English\Quality Captains 1.7.0\mod_info.json
2025-12-16 21:32:47,542 - init_mode - INFO - [N/A] - [GENERAL] - core.py:157 - 基于行的解析成功读取mod_info.json: c:\Users\Roki\Documents\GitHub\Tool\legacy\Localization_Tool\File\source\English\Second-in-Command 1.7.0\mod_info.json
2025-12-16 21:32:47,543 - init_mode - INFO - [N/A] - [GENERAL] - core.py:157 - 基于行的解析成功读取mod_info.json: c:\Users\Roki\Documents\GitHub\Tool\legacy\Localization_Tool\File\source\English\TestMod 1.0.0\mod_info.json
2025-12-16 21:32:47,543 - init_mode - INFO - [N/A] - [GENERAL] - core.py:499 - 处理目录: c:\Users\Roki\Documents\GitHub\Tool\legacy\Localization_Tool\File\source_backup\Chinese (source_type: source_backup, language: Chinese)
2025-12-16 21:32:47,544 - init_mode - INFO - [N/A] - [GENERAL] - core.py:157 - 基于行的解析成功读取mod_info.json: c:\Users\Roki\Documents\GitHub\Tool\legacy\Localization_Tool\File\source_backup\Chinese\Quality Captains 高质量舰长 1.7.0\mod_info.json
2025-12-16 21:32:47,545 - init_mode - INFO - [N/A] - [GENERAL] - core.py:157 - 基于行的解析成功读取mod_info.json: c:\Users\Roki\Documents\GitHub\Tool\legacy\Localization_Tool\File\source_backup\Chinese\Second-in-Command 舰队副官 1.7.0\mod_info.json
2025-12-16 21:32:47,545 - init_mode - INFO - [N/A] - [GENERAL] - core.py:499 - 处理目录: c:\Users\Roki\Documents\GitHub\Tool\legacy\Localization_Tool\File\source_backup\English (source_type: source_backup, language: English)
2025-12-16 21:32:47,546 - init_mode - INFO - [N/A] - [GENERAL] - core.py:157 - 基于行的解析成功读取mod_info.json: c:\Users\Roki\Documents\GitHub\Tool\legacy\Localization_Tool\File\source_backup\English\Quality Captains 1.7.0\mod_info.json
2025-12-16 21:32:47,547 - init_mode - INFO - [N/A] - [GENERAL] - core.py:157 - 基于行的解析成功读取mod_info.json: c:\Users\Roki\Documents\GitHub\Tool\legacy\Localization_Tool\File\source_backup\English\Second-in-Command 1.7.0\mod_info.json
2025-12-16 21:32:47,547 - init_mode - INFO - [N/A] - [GENERAL] - core.py:157 - 基于行的解析成功读取mod_info.json: c:\Users\Roki\Documents\GitHub\Tool\legacy\Localization_Tool\File\source_backup\English\TestMod 1.0.0\mod_info.json
2025-12-16 21:32:47,547 - init_mode - INFO - [N/A] - [GENERAL] - core.py:545 - mod映射构建完成，成功: 10, 失败: 0, 跳过: 0
2025-12-16 21:32:47,548 - init_mode - INFO - [N/A] - [BUILD_GROUP_MAPPINGS] - core.py:1111 - 开始构建分组映射关系
2025-12-16 21:32:47,548 - init_mode - INFO - [N/A] - [GENERAL] - core.py:631 - 开始构建分组映射关系，mod_root: c:\Users\Roki\Documents\GitHub\Tool\legacy\Localization_Tool\File
2025-12-16 21:32:47,548 - init_mode - INFO - [N/A] - [GENERAL] - core.py:683 - 构建分组映射: QualityCaptains
2025-12-16 21:32:47,548 - init_mode - INFO - [N/A] - [GENERAL] - core.py:683 - 构建分组映射: second_in_command
2025-12-16 21:32:47,549 - init_mode - INFO - [N/A] - [GENERAL] - core.py:683 - 构建分组映射: testmod
2025-12-16 21:32:47,549 - init_mode - INFO - [N/A] - [GENERAL] - core.py:689 - 分组映射构建完成，成功: 3, 失败: 0, 跳过: 0
2025-12-16 21:32:47,549 - init_mode - INFO - [N/A] - [GENERAL] - core.py:1171 - 初始化任务执行完成，成功: 18/40
