2025-12-16 18:58:12,359 - init_mode - INFO - [N/A] - [GENERAL] - core.py:267 - 开始初始化项目文件夹结构，基础路径: C:\Users\Roki\Documents\GitHub\Tool\legacy\Localization_Tool
2025-12-16 18:58:12,360 - init_mode - INFO - [N/A] - [GENERAL] - core.py:309 - 项目文件夹结构初始化完成，成功创建: 0/12 个文件夹
2025-12-16 18:58:12,362 - init_mode - INFO - [N/A] - [GENERAL] - core.py:760 - 开始执行初始化任务，基础路径: C:\Users\Roki\Documents\GitHub\Tool\legacy\Localization_Tool
2025-12-16 18:58:12,362 - init_mode - INFO - [N/A] - [GENERAL] - core.py:267 - 开始初始化项目文件夹结构，基础路径: C:\Users\Roki\Documents\GitHub\Tool\legacy\Localization_Tool
2025-12-16 18:58:12,363 - init_mode - INFO - [N/A] - [GENERAL] - core.py:309 - 项目文件夹结构初始化完成，成功创建: 0/12 个文件夹
2025-12-16 18:58:12,364 - init_mode - INFO - [N/A] - [GENERAL] - core.py:339 - 开始自动重命名文件/文件夹，mod_root: C:\Users\Roki\Documents\GitHub\Tool\legacy\Localization_Tool\File
2025-12-16 18:58:12,364 - init_mode - INFO - [N/A] - [GENERAL] - core.py:157 - 基于行的解析成功读取mod_info.json: C:\Users\Roki\Documents\GitHub\Tool\legacy\Localization_Tool\File\source/Chinese\Quality Captains 高质量舰长 1.7.0\mod_info.json
2025-12-16 18:58:12,364 - init_mode - INFO - [N/A] - [GENERAL] - core.py:429 - 跳过文件夹: C:\Users\Roki\Documents\GitHub\Tool\legacy\Localization_Tool\File\source/Chinese\Quality Captains 高质量舰长 1.7.0, 原因: 文件夹名称已符合要求
2025-12-16 18:58:12,365 - init_mode - INFO - [N/A] - [GENERAL] - core.py:157 - 基于行的解析成功读取mod_info.json: C:\Users\Roki\Documents\GitHub\Tool\legacy\Localization_Tool\File\source/Chinese\Second-in-Command 舰队副官 1.7.0\mod_info.json
2025-12-16 18:58:12,365 - init_mode - INFO - [N/A] - [GENERAL] - core.py:429 - 跳过文件夹: C:\Users\Roki\Documents\GitHub\Tool\legacy\Localization_Tool\File\source/Chinese\Second-in-Command 舰队副官 1.7.0, 原因: 文件夹名称已符合要求
2025-12-16 18:58:12,365 - init_mode - INFO - [N/A] - [GENERAL] - core.py:157 - 基于行的解析成功读取mod_info.json: C:\Users\Roki\Documents\GitHub\Tool\legacy\Localization_Tool\File\source/English\Quality Captains 1.7.0\mod_info.json
2025-12-16 18:58:12,366 - init_mode - INFO - [N/A] - [GENERAL] - core.py:429 - 跳过文件夹: C:\Users\Roki\Documents\GitHub\Tool\legacy\Localization_Tool\File\source/English\Quality Captains 1.7.0, 原因: 文件夹名称已符合要求
2025-12-16 18:58:12,366 - init_mode - INFO - [N/A] - [GENERAL] - core.py:157 - 基于行的解析成功读取mod_info.json: C:\Users\Roki\Documents\GitHub\Tool\legacy\Localization_Tool\File\source/English\Second-in-Command 1.7.0\mod_info.json
2025-12-16 18:58:12,366 - init_mode - INFO - [N/A] - [GENERAL] - core.py:429 - 跳过文件夹: C:\Users\Roki\Documents\GitHub\Tool\legacy\Localization_Tool\File\source/English\Second-in-Command 1.7.0, 原因: 文件夹名称已符合要求
2025-12-16 18:58:12,366 - init_mode - INFO - [N/A] - [GENERAL] - core.py:157 - 基于行的解析成功读取mod_info.json: C:\Users\Roki\Documents\GitHub\Tool\legacy\Localization_Tool\File\source/English\TestMod 1.0.0\mod_info.json
2025-12-16 18:58:12,366 - init_mode - INFO - [N/A] - [GENERAL] - core.py:429 - 跳过文件夹: C:\Users\Roki\Documents\GitHub\Tool\legacy\Localization_Tool\File\source/English\TestMod 1.0.0, 原因: 文件夹名称已符合要求
2025-12-16 18:58:12,367 - init_mode - INFO - [N/A] - [GENERAL] - core.py:157 - 基于行的解析成功读取mod_info.json: C:\Users\Roki\Documents\GitHub\Tool\legacy\Localization_Tool\File\source_backup/Chinese\Quality Captains 高质量舰长 1.7.0\mod_info.json
2025-12-16 18:58:12,367 - init_mode - INFO - [N/A] - [GENERAL] - core.py:429 - 跳过文件夹: C:\Users\Roki\Documents\GitHub\Tool\legacy\Localization_Tool\File\source_backup/Chinese\Quality Captains 高质量舰长 1.7.0, 原因: 文件夹名称已符合要求
2025-12-16 18:58:12,367 - init_mode - INFO - [N/A] - [GENERAL] - core.py:157 - 基于行的解析成功读取mod_info.json: C:\Users\Roki\Documents\GitHub\Tool\legacy\Localization_Tool\File\source_backup/Chinese\Second-in-Command 舰队副官 1.7.0\mod_info.json
2025-12-16 18:58:12,368 - init_mode - INFO - [N/A] - [GENERAL] - core.py:429 - 跳过文件夹: C:\Users\Roki\Documents\GitHub\Tool\legacy\Localization_Tool\File\source_backup/Chinese\Second-in-Command 舰队副官 1.7.0, 原因: 文件夹名称已符合要求
2025-12-16 18:58:12,368 - init_mode - INFO - [N/A] - [GENERAL] - core.py:157 - 基于行的解析成功读取mod_info.json: C:\Users\Roki\Documents\GitHub\Tool\legacy\Localization_Tool\File\source_backup/English\Quality Captains 1.7.0\mod_info.json
2025-12-16 18:58:12,368 - init_mode - INFO - [N/A] - [GENERAL] - core.py:429 - 跳过文件夹: C:\Users\Roki\Documents\GitHub\Tool\legacy\Localization_Tool\File\source_backup/English\Quality Captains 1.7.0, 原因: 文件夹名称已符合要求
2025-12-16 18:58:12,369 - init_mode - INFO - [N/A] - [GENERAL] - core.py:157 - 基于行的解析成功读取mod_info.json: C:\Users\Roki\Documents\GitHub\Tool\legacy\Localization_Tool\File\source_backup/English\Second-in-Command 1.7.0\mod_info.json
2025-12-16 18:58:12,369 - init_mode - INFO - [N/A] - [GENERAL] - core.py:429 - 跳过文件夹: C:\Users\Roki\Documents\GitHub\Tool\legacy\Localization_Tool\File\source_backup/English\Second-in-Command 1.7.0, 原因: 文件夹名称已符合要求
2025-12-16 18:58:12,369 - init_mode - INFO - [N/A] - [GENERAL] - core.py:157 - 基于行的解析成功读取mod_info.json: C:\Users\Roki\Documents\GitHub\Tool\legacy\Localization_Tool\File\source_backup/English\TestMod 1.0.0\mod_info.json
2025-12-16 18:58:12,369 - init_mode - INFO - [N/A] - [GENERAL] - core.py:429 - 跳过文件夹: C:\Users\Roki\Documents\GitHub\Tool\legacy\Localization_Tool\File\source_backup/English\TestMod 1.0.0, 原因: 文件夹名称已符合要求
2025-12-16 18:58:12,370 - init_mode - INFO - [N/A] - [GENERAL] - core.py:459 - 自动重命名完成，成功: 0, 失败: 0, 跳过: 10
2025-12-16 18:58:12,370 - init_mode - INFO - [N/A] - [RENAME] - core.py:769 - 开始执行文件夹重命名任务
2025-12-16 18:58:12,370 - init_mode - INFO - [N/A] - [RENAME_UNKNOWN] - core.py:804 - 开始重命名 C:\Users\Roki\Documents\GitHub\Tool\legacy\Localization_Tool\File\source/Chinese 下的模组文件夹
2025-12-16 18:58:12,372 - init_mode - INFO - [N/A] - [RENAME_UNKNOWN] - core.py:808 - 重命名完成: C:\Users\Roki\Documents\GitHub\Tool\legacy\Localization_Tool\File\source/Chinese
2025-12-16 18:58:12,373 - init_mode - INFO - [N/A] - [RENAME_UNKNOWN] - core.py:804 - 开始重命名 C:\Users\Roki\Documents\GitHub\Tool\legacy\Localization_Tool\File\source/English 下的模组文件夹
2025-12-16 18:58:12,375 - init_mode - INFO - [N/A] - [RENAME_UNKNOWN] - core.py:808 - 重命名完成: C:\Users\Roki\Documents\GitHub\Tool\legacy\Localization_Tool\File\source/English
2025-12-16 18:58:12,375 - init_mode - INFO - [N/A] - [RENAME_UNKNOWN] - core.py:804 - 开始重命名 C:\Users\Roki\Documents\GitHub\Tool\legacy\Localization_Tool\File\source_backup/Chinese 下的模组文件夹
2025-12-16 18:58:12,377 - init_mode - INFO - [N/A] - [RENAME_UNKNOWN] - core.py:808 - 重命名完成: C:\Users\Roki\Documents\GitHub\Tool\legacy\Localization_Tool\File\source_backup/Chinese
2025-12-16 18:58:12,377 - init_mode - INFO - [N/A] - [RENAME_UNKNOWN] - core.py:804 - 开始重命名 C:\Users\Roki\Documents\GitHub\Tool\legacy\Localization_Tool\File\source_backup/English 下的模组文件夹
2025-12-16 18:58:12,380 - init_mode - INFO - [N/A] - [RENAME_UNKNOWN] - core.py:808 - 重命名完成: C:\Users\Roki\Documents\GitHub\Tool\legacy\Localization_Tool\File\source_backup/English
2025-12-16 18:58:12,380 - init_mode - INFO - [N/A] - [BACKUP_RESTORE] - core.py:819 - 开始执行备份恢复任务
2025-12-16 18:58:12,980 - init_mode - INFO - [N/A] - [BUILD_MOD_MAPPINGS] - core.py:837 - 开始构建mod映射关系
2025-12-16 18:58:12,981 - init_mode - INFO - [N/A] - [GENERAL] - core.py:477 - 开始构建mod映射关系，mod_root: C:\Users\Roki\Documents\GitHub\Tool\legacy\Localization_Tool\File
2025-12-16 18:58:12,981 - init_mode - INFO - [N/A] - [GENERAL] - core.py:500 - 处理目录: C:\Users\Roki\Documents\GitHub\Tool\legacy\Localization_Tool\File\source\Chinese (source_type: source, language: Chinese)
2025-12-16 18:58:12,982 - init_mode - INFO - [N/A] - [GENERAL] - core.py:157 - 基于行的解析成功读取mod_info.json: C:\Users\Roki\Documents\GitHub\Tool\legacy\Localization_Tool\File\source\Chinese\Quality Captains 高质量舰长 1.7.0\mod_info.json
2025-12-16 18:58:12,982 - init_mode - INFO - [N/A] - [GENERAL] - core.py:157 - 基于行的解析成功读取mod_info.json: C:\Users\Roki\Documents\GitHub\Tool\legacy\Localization_Tool\File\source\Chinese\Second-in-Command 舰队副官 1.7.0\mod_info.json
2025-12-16 18:58:12,983 - init_mode - INFO - [N/A] - [GENERAL] - core.py:500 - 处理目录: C:\Users\Roki\Documents\GitHub\Tool\legacy\Localization_Tool\File\source\English (source_type: source, language: English)
2025-12-16 18:58:12,983 - init_mode - INFO - [N/A] - [GENERAL] - core.py:157 - 基于行的解析成功读取mod_info.json: C:\Users\Roki\Documents\GitHub\Tool\legacy\Localization_Tool\File\source\English\Quality Captains 1.7.0\mod_info.json
2025-12-16 18:58:12,984 - init_mode - INFO - [N/A] - [GENERAL] - core.py:157 - 基于行的解析成功读取mod_info.json: C:\Users\Roki\Documents\GitHub\Tool\legacy\Localization_Tool\File\source\English\Second-in-Command 1.7.0\mod_info.json
2025-12-16 18:58:12,984 - init_mode - INFO - [N/A] - [GENERAL] - core.py:157 - 基于行的解析成功读取mod_info.json: C:\Users\Roki\Documents\GitHub\Tool\legacy\Localization_Tool\File\source\English\TestMod 1.0.0\mod_info.json
2025-12-16 18:58:12,984 - init_mode - INFO - [N/A] - [GENERAL] - core.py:500 - 处理目录: C:\Users\Roki\Documents\GitHub\Tool\legacy\Localization_Tool\File\source_backup\Chinese (source_type: source_backup, language: Chinese)
2025-12-16 18:58:12,985 - init_mode - INFO - [N/A] - [GENERAL] - core.py:157 - 基于行的解析成功读取mod_info.json: C:\Users\Roki\Documents\GitHub\Tool\legacy\Localization_Tool\File\source_backup\Chinese\Quality Captains 高质量舰长 1.7.0\mod_info.json
2025-12-16 18:58:12,985 - init_mode - INFO - [N/A] - [GENERAL] - core.py:157 - 基于行的解析成功读取mod_info.json: C:\Users\Roki\Documents\GitHub\Tool\legacy\Localization_Tool\File\source_backup\Chinese\Second-in-Command 舰队副官 1.7.0\mod_info.json
2025-12-16 18:58:12,986 - init_mode - INFO - [N/A] - [GENERAL] - core.py:500 - 处理目录: C:\Users\Roki\Documents\GitHub\Tool\legacy\Localization_Tool\File\source_backup\English (source_type: source_backup, language: English)
2025-12-16 18:58:12,986 - init_mode - INFO - [N/A] - [GENERAL] - core.py:157 - 基于行的解析成功读取mod_info.json: C:\Users\Roki\Documents\GitHub\Tool\legacy\Localization_Tool\File\source_backup\English\Quality Captains 1.7.0\mod_info.json
2025-12-16 18:58:12,987 - init_mode - INFO - [N/A] - [GENERAL] - core.py:157 - 基于行的解析成功读取mod_info.json: C:\Users\Roki\Documents\GitHub\Tool\legacy\Localization_Tool\File\source_backup\English\Second-in-Command 1.7.0\mod_info.json
2025-12-16 18:58:12,987 - init_mode - INFO - [N/A] - [GENERAL] - core.py:157 - 基于行的解析成功读取mod_info.json: C:\Users\Roki\Documents\GitHub\Tool\legacy\Localization_Tool\File\source_backup\English\TestMod 1.0.0\mod_info.json
2025-12-16 18:58:12,987 - init_mode - INFO - [N/A] - [GENERAL] - core.py:543 - mod映射构建完成，成功: 10, 失败: 0, 跳过: 0
2025-12-16 18:58:12,987 - init_mode - INFO - [N/A] - [BUILD_GROUP_MAPPINGS] - core.py:841 - 开始构建分组映射关系
2025-12-16 18:58:12,987 - init_mode - INFO - [N/A] - [GENERAL] - core.py:629 - 开始构建分组映射关系，mod_root: C:\Users\Roki\Documents\GitHub\Tool\legacy\Localization_Tool\File
2025-12-16 18:58:12,988 - init_mode - INFO - [N/A] - [GENERAL] - core.py:681 - 构建分组映射: QualityCaptains
2025-12-16 18:58:12,988 - init_mode - INFO - [N/A] - [GENERAL] - core.py:681 - 构建分组映射: second_in_command
2025-12-16 18:58:12,988 - init_mode - INFO - [N/A] - [GENERAL] - core.py:681 - 构建分组映射: testmod
2025-12-16 18:58:12,988 - init_mode - INFO - [N/A] - [GENERAL] - core.py:687 - 分组映射构建完成，成功: 3, 失败: 0, 跳过: 0
2025-12-16 18:58:12,988 - init_mode - INFO - [N/A] - [GENERAL] - core.py:901 - 初始化任务执行完成，成功: 18/40
