2025-12-16 19:00:36,229 - init_mode - INFO - [N/A] - [GENERAL] - core.py:267 - 开始初始化项目文件夹结构，基础路径: C:\Users\Roki\Documents\GitHub\Tool\legacy\Localization_Tool
2025-12-16 19:00:36,230 - init_mode - INFO - [N/A] - [GENERAL] - core.py:309 - 项目文件夹结构初始化完成，成功创建: 0/12 个文件夹
2025-12-16 19:00:36,231 - init_mode - INFO - [N/A] - [GENERAL] - core.py:987 - 开始执行初始化任务，基础路径: C:\Users\Roki\Documents\GitHub\Tool\legacy\Localization_Tool
2025-12-16 19:00:36,231 - init_mode - INFO - [N/A] - [GENERAL] - core.py:267 - 开始初始化项目文件夹结构，基础路径: C:\Users\Roki\Documents\GitHub\Tool\legacy\Localization_Tool
2025-12-16 19:00:36,232 - init_mode - INFO - [N/A] - [GENERAL] - core.py:309 - 项目文件夹结构初始化完成，成功创建: 0/12 个文件夹
2025-12-16 19:00:36,233 - init_mode - INFO - [N/A] - [GENERAL] - core.py:339 - 开始自动重命名文件/文件夹，mod_root: C:\Users\Roki\Documents\GitHub\Tool\legacy\Localization_Tool\File
2025-12-16 19:00:36,233 - init_mode - INFO - [N/A] - [GENERAL] - core.py:157 - 基于行的解析成功读取mod_info.json: C:\Users\Roki\Documents\GitHub\Tool\legacy\Localization_Tool\File\source/Chinese\Quality Captains 高质量舰长 1.7.0\mod_info.json
2025-12-16 19:00:36,233 - init_mode - INFO - [N/A] - [GENERAL] - core.py:429 - 跳过文件夹: C:\Users\Roki\Documents\GitHub\Tool\legacy\Localization_Tool\File\source/Chinese\Quality Captains 高质量舰长 1.7.0, 原因: 文件夹名称已符合要求
2025-12-16 19:00:36,234 - init_mode - INFO - [N/A] - [GENERAL] - core.py:157 - 基于行的解析成功读取mod_info.json: C:\Users\Roki\Documents\GitHub\Tool\legacy\Localization_Tool\File\source/Chinese\Second-in-Command 舰队副官 1.7.0\mod_info.json
2025-12-16 19:00:36,234 - init_mode - INFO - [N/A] - [GENERAL] - core.py:429 - 跳过文件夹: C:\Users\Roki\Documents\GitHub\Tool\legacy\Localization_Tool\File\source/Chinese\Second-in-Command 舰队副官 1.7.0, 原因: 文件夹名称已符合要求
2025-12-16 19:00:36,235 - init_mode - INFO - [N/A] - [GENERAL] - core.py:157 - 基于行的解析成功读取mod_info.json: C:\Users\Roki\Documents\GitHub\Tool\legacy\Localization_Tool\File\source/English\Quality Captains 1.7.0\mod_info.json
2025-12-16 19:00:36,235 - init_mode - INFO - [N/A] - [GENERAL] - core.py:429 - 跳过文件夹: C:\Users\Roki\Documents\GitHub\Tool\legacy\Localization_Tool\File\source/English\Quality Captains 1.7.0, 原因: 文件夹名称已符合要求
2025-12-16 19:00:36,236 - init_mode - INFO - [N/A] - [GENERAL] - core.py:157 - 基于行的解析成功读取mod_info.json: C:\Users\Roki\Documents\GitHub\Tool\legacy\Localization_Tool\File\source/English\Second-in-Command 1.7.0\mod_info.json
2025-12-16 19:00:36,236 - init_mode - INFO - [N/A] - [GENERAL] - core.py:429 - 跳过文件夹: C:\Users\Roki\Documents\GitHub\Tool\legacy\Localization_Tool\File\source/English\Second-in-Command 1.7.0, 原因: 文件夹名称已符合要求
2025-12-16 19:00:36,236 - init_mode - INFO - [N/A] - [GENERAL] - core.py:157 - 基于行的解析成功读取mod_info.json: C:\Users\Roki\Documents\GitHub\Tool\legacy\Localization_Tool\File\source/English\TestMod 1.0.0\mod_info.json
2025-12-16 19:00:36,236 - init_mode - INFO - [N/A] - [GENERAL] - core.py:429 - 跳过文件夹: C:\Users\Roki\Documents\GitHub\Tool\legacy\Localization_Tool\File\source/English\TestMod 1.0.0, 原因: 文件夹名称已符合要求
2025-12-16 19:00:36,237 - init_mode - INFO - [N/A] - [GENERAL] - core.py:157 - 基于行的解析成功读取mod_info.json: C:\Users\Roki\Documents\GitHub\Tool\legacy\Localization_Tool\File\source_backup/Chinese\Quality Captains 高质量舰长 1.7.0\mod_info.json
2025-12-16 19:00:36,237 - init_mode - INFO - [N/A] - [GENERAL] - core.py:429 - 跳过文件夹: C:\Users\Roki\Documents\GitHub\Tool\legacy\Localization_Tool\File\source_backup/Chinese\Quality Captains 高质量舰长 1.7.0, 原因: 文件夹名称已符合要求
2025-12-16 19:00:36,238 - init_mode - INFO - [N/A] - [GENERAL] - core.py:157 - 基于行的解析成功读取mod_info.json: C:\Users\Roki\Documents\GitHub\Tool\legacy\Localization_Tool\File\source_backup/Chinese\Second-in-Command 舰队副官 1.7.0\mod_info.json
2025-12-16 19:00:36,238 - init_mode - INFO - [N/A] - [GENERAL] - core.py:429 - 跳过文件夹: C:\Users\Roki\Documents\GitHub\Tool\legacy\Localization_Tool\File\source_backup/Chinese\Second-in-Command 舰队副官 1.7.0, 原因: 文件夹名称已符合要求
2025-12-16 19:00:36,238 - init_mode - INFO - [N/A] - [GENERAL] - core.py:157 - 基于行的解析成功读取mod_info.json: C:\Users\Roki\Documents\GitHub\Tool\legacy\Localization_Tool\File\source_backup/English\Quality Captains 1.7.0\mod_info.json
2025-12-16 19:00:36,238 - init_mode - INFO - [N/A] - [GENERAL] - core.py:429 - 跳过文件夹: C:\Users\Roki\Documents\GitHub\Tool\legacy\Localization_Tool\File\source_backup/English\Quality Captains 1.7.0, 原因: 文件夹名称已符合要求
2025-12-16 19:00:36,239 - init_mode - INFO - [N/A] - [GENERAL] - core.py:157 - 基于行的解析成功读取mod_info.json: C:\Users\Roki\Documents\GitHub\Tool\legacy\Localization_Tool\File\source_backup/English\Second-in-Command 1.7.0\mod_info.json
2025-12-16 19:00:36,239 - init_mode - INFO - [N/A] - [GENERAL] - core.py:429 - 跳过文件夹: C:\Users\Roki\Documents\GitHub\Tool\legacy\Localization_Tool\File\source_backup/English\Second-in-Command 1.7.0, 原因: 文件夹名称已符合要求
2025-12-16 19:00:36,239 - init_mode - INFO - [N/A] - [GENERAL] - core.py:157 - 基于行的解析成功读取mod_info.json: C:\Users\Roki\Documents\GitHub\Tool\legacy\Localization_Tool\File\source_backup/English\TestMod 1.0.0\mod_info.json
2025-12-16 19:00:36,239 - init_mode - INFO - [N/A] - [GENERAL] - core.py:429 - 跳过文件夹: C:\Users\Roki\Documents\GitHub\Tool\legacy\Localization_Tool\File\source_backup/English\TestMod 1.0.0, 原因: 文件夹名称已符合要求
2025-12-16 19:00:36,240 - init_mode - INFO - [N/A] - [GENERAL] - core.py:459 - 自动重命名完成，成功: 0, 失败: 0, 跳过: 10
2025-12-16 19:00:36,240 - init_mode - INFO - [N/A] - [RENAME] - core.py:996 - 开始执行文件夹重命名任务
2025-12-16 19:00:36,240 - init_mode - INFO - [N/A] - [RENAME_UNKNOWN] - core.py:1031 - 开始重命名 C:\Users\Roki\Documents\GitHub\Tool\legacy\Localization_Tool\File\source/Chinese 下的模组文件夹
2025-12-16 19:00:36,242 - init_mode - INFO - [N/A] - [RENAME_UNKNOWN] - core.py:1035 - 重命名完成: C:\Users\Roki\Documents\GitHub\Tool\legacy\Localization_Tool\File\source/Chinese
2025-12-16 19:00:36,242 - init_mode - INFO - [N/A] - [RENAME_UNKNOWN] - core.py:1031 - 开始重命名 C:\Users\Roki\Documents\GitHub\Tool\legacy\Localization_Tool\File\source/English 下的模组文件夹
2025-12-16 19:00:36,244 - init_mode - INFO - [N/A] - [RENAME_UNKNOWN] - core.py:1035 - 重命名完成: C:\Users\Roki\Documents\GitHub\Tool\legacy\Localization_Tool\File\source/English
2025-12-16 19:00:36,244 - init_mode - INFO - [N/A] - [RENAME_UNKNOWN] - core.py:1031 - 开始重命名 C:\Users\Roki\Documents\GitHub\Tool\legacy\Localization_Tool\File\source_backup/Chinese 下的模组文件夹
2025-12-16 19:00:36,247 - init_mode - INFO - [N/A] - [RENAME_UNKNOWN] - core.py:1035 - 重命名完成: C:\Users\Roki\Documents\GitHub\Tool\legacy\Localization_Tool\File\source_backup/Chinese
2025-12-16 19:00:36,247 - init_mode - INFO - [N/A] - [RENAME_UNKNOWN] - core.py:1031 - 开始重命名 C:\Users\Roki\Documents\GitHub\Tool\legacy\Localization_Tool\File\source_backup/English 下的模组文件夹
2025-12-16 19:00:36,250 - init_mode - INFO - [N/A] - [RENAME_UNKNOWN] - core.py:1035 - 重命名完成: C:\Users\Roki\Documents\GitHub\Tool\legacy\Localization_Tool\File\source_backup/English
2025-12-16 19:00:36,250 - init_mode - INFO - [N/A] - [BACKUP_RESTORE] - core.py:1046 - 开始执行备份恢复任务
2025-12-16 19:00:36,812 - init_mode - INFO - [N/A] - [BUILD_MOD_MAPPINGS] - core.py:1064 - 开始构建mod映射关系
2025-12-16 19:00:36,813 - init_mode - INFO - [N/A] - [GENERAL] - core.py:477 - 开始构建mod映射关系，mod_root: C:\Users\Roki\Documents\GitHub\Tool\legacy\Localization_Tool\File
2025-12-16 19:00:36,813 - init_mode - INFO - [N/A] - [GENERAL] - core.py:500 - 处理目录: C:\Users\Roki\Documents\GitHub\Tool\legacy\Localization_Tool\File\source\Chinese (source_type: source, language: Chinese)
2025-12-16 19:00:36,814 - init_mode - INFO - [N/A] - [GENERAL] - core.py:157 - 基于行的解析成功读取mod_info.json: C:\Users\Roki\Documents\GitHub\Tool\legacy\Localization_Tool\File\source\Chinese\Quality Captains 高质量舰长 1.7.0\mod_info.json
2025-12-16 19:00:36,814 - init_mode - INFO - [N/A] - [GENERAL] - core.py:157 - 基于行的解析成功读取mod_info.json: C:\Users\Roki\Documents\GitHub\Tool\legacy\Localization_Tool\File\source\Chinese\Second-in-Command 舰队副官 1.7.0\mod_info.json
2025-12-16 19:00:36,814 - init_mode - INFO - [N/A] - [GENERAL] - core.py:500 - 处理目录: C:\Users\Roki\Documents\GitHub\Tool\legacy\Localization_Tool\File\source\English (source_type: source, language: English)
2025-12-16 19:00:36,815 - init_mode - INFO - [N/A] - [GENERAL] - core.py:157 - 基于行的解析成功读取mod_info.json: C:\Users\Roki\Documents\GitHub\Tool\legacy\Localization_Tool\File\source\English\Quality Captains 1.7.0\mod_info.json
2025-12-16 19:00:36,815 - init_mode - INFO - [N/A] - [GENERAL] - core.py:157 - 基于行的解析成功读取mod_info.json: C:\Users\Roki\Documents\GitHub\Tool\legacy\Localization_Tool\File\source\English\Second-in-Command 1.7.0\mod_info.json
2025-12-16 19:00:36,816 - init_mode - INFO - [N/A] - [GENERAL] - core.py:157 - 基于行的解析成功读取mod_info.json: C:\Users\Roki\Documents\GitHub\Tool\legacy\Localization_Tool\File\source\English\TestMod 1.0.0\mod_info.json
2025-12-16 19:00:36,816 - init_mode - INFO - [N/A] - [GENERAL] - core.py:500 - 处理目录: C:\Users\Roki\Documents\GitHub\Tool\legacy\Localization_Tool\File\source_backup\Chinese (source_type: source_backup, language: Chinese)
2025-12-16 19:00:36,816 - init_mode - INFO - [N/A] - [GENERAL] - core.py:157 - 基于行的解析成功读取mod_info.json: C:\Users\Roki\Documents\GitHub\Tool\legacy\Localization_Tool\File\source_backup\Chinese\Quality Captains 高质量舰长 1.7.0\mod_info.json
2025-12-16 19:00:36,817 - init_mode - INFO - [N/A] - [GENERAL] - core.py:157 - 基于行的解析成功读取mod_info.json: C:\Users\Roki\Documents\GitHub\Tool\legacy\Localization_Tool\File\source_backup\Chinese\Second-in-Command 舰队副官 1.7.0\mod_info.json
2025-12-16 19:00:36,817 - init_mode - INFO - [N/A] - [GENERAL] - core.py:500 - 处理目录: C:\Users\Roki\Documents\GitHub\Tool\legacy\Localization_Tool\File\source_backup\English (source_type: source_backup, language: English)
2025-12-16 19:00:36,817 - init_mode - INFO - [N/A] - [GENERAL] - core.py:157 - 基于行的解析成功读取mod_info.json: C:\Users\Roki\Documents\GitHub\Tool\legacy\Localization_Tool\File\source_backup\English\Quality Captains 1.7.0\mod_info.json
2025-12-16 19:00:36,818 - init_mode - INFO - [N/A] - [GENERAL] - core.py:157 - 基于行的解析成功读取mod_info.json: C:\Users\Roki\Documents\GitHub\Tool\legacy\Localization_Tool\File\source_backup\English\Second-in-Command 1.7.0\mod_info.json
2025-12-16 19:00:36,818 - init_mode - INFO - [N/A] - [GENERAL] - core.py:157 - 基于行的解析成功读取mod_info.json: C:\Users\Roki\Documents\GitHub\Tool\legacy\Localization_Tool\File\source_backup\English\TestMod 1.0.0\mod_info.json
2025-12-16 19:00:36,818 - init_mode - INFO - [N/A] - [GENERAL] - core.py:543 - mod映射构建完成，成功: 10, 失败: 0, 跳过: 0
2025-12-16 19:00:36,819 - init_mode - INFO - [N/A] - [BUILD_GROUP_MAPPINGS] - core.py:1068 - 开始构建分组映射关系
2025-12-16 19:00:36,819 - init_mode - INFO - [N/A] - [GENERAL] - core.py:629 - 开始构建分组映射关系，mod_root: C:\Users\Roki\Documents\GitHub\Tool\legacy\Localization_Tool\File
2025-12-16 19:00:36,819 - init_mode - INFO - [N/A] - [GENERAL] - core.py:681 - 构建分组映射: QualityCaptains
2025-12-16 19:00:36,819 - init_mode - INFO - [N/A] - [GENERAL] - core.py:681 - 构建分组映射: second_in_command
2025-12-16 19:00:36,819 - init_mode - INFO - [N/A] - [GENERAL] - core.py:681 - 构建分组映射: testmod
2025-12-16 19:00:36,819 - init_mode - INFO - [N/A] - [GENERAL] - core.py:687 - 分组映射构建完成，成功: 3, 失败: 0, 跳过: 0
2025-12-16 19:00:36,820 - init_mode - INFO - [N/A] - [GENERAL] - core.py:1128 - 初始化任务执行完成，成功: 18/40
2025-12-16 19:00:36,824 - init_mode - INFO - [N/A] - [GENERAL] - core.py:760 - 开始执行extract功能，mod_id: QualityCaptains, language: English
2025-12-16 19:00:36,824 - init_mode - ERROR - [N/A] - [GENERAL] - core.py:768 - 未找到mod_id: QualityCaptains的English源文件夹
2025-12-16 19:00:36,825 - init_mode - INFO - [N/A] - [GENERAL] - core.py:803 - 开始执行extend功能，mod_id: QualityCaptains, 映射方向: en2zh
2025-12-16 19:00:36,825 - init_mode - ERROR - [N/A] - [GENERAL] - core.py:819 - 未找到mod_id: QualityCaptains的源文件夹
2025-12-16 19:00:36,828 - init_mode - INFO - [N/A] - [GENERAL] - core.py:941 - 开始并行处理，函数: mock_extract, mod数量: 3, 参数: {}
