2025-12-16 21:34:33,890 - localization_tool - INFO - [N/A] - [GENERAL] - main.py:672 - ==========================================
2025-12-16 21:34:33,890 - localization_tool - INFO - [N/A] - [GENERAL] - main.py:673 -              本地化工具
2025-12-16 21:34:33,890 - localization_tool - INFO - [N/A] - [GENERAL] - main.py:674 - ==========================================
2025-12-16 21:34:33,890 - localization_tool - INFO - [N/A] - [GENERAL] - main.py:675 - 工具启动，开始解析命令行参数
2025-12-16 21:34:33,891 - localization_tool - INFO - [N/A] - [GENERAL] - main.py:693 - 前置检查已默认关闭，直接进入主菜单
2025-12-16 21:34:33,891 - localization_tool - INFO - [N/A] - [GENERAL] - main.py:268 - 检查项目结构...
2025-12-16 21:34:33,892 - localization_tool - INFO - [N/A] - [GENERAL] - main.py:308 - 创建文件夹: c:\Users\Roki\Documents\GitHub\Tool\legacy\Localization_Tool\File\rule\English
2025-12-16 21:34:33,892 - localization_tool - INFO - [N/A] - [GENERAL] - main.py:308 - 创建文件夹: c:\Users\Roki\Documents\GitHub\Tool\legacy\Localization_Tool\File\rule\Chinese
2025-12-16 21:34:33,893 - localization_tool - INFO - [N/A] - [GENERAL] - main.py:308 - 创建文件夹: c:\Users\Roki\Documents\GitHub\Tool\legacy\Localization_Tool\File\output\Extract_Chinese
2025-12-16 21:34:33,893 - localization_tool - INFO - [N/A] - [GENERAL] - main.py:308 - 创建文件夹: c:\Users\Roki\Documents\GitHub\Tool\legacy\Localization_Tool\File\output\Extract_English
2025-12-16 21:34:33,894 - localization_tool - INFO - [N/A] - [GENERAL] - main.py:308 - 创建文件夹: c:\Users\Roki\Documents\GitHub\Tool\legacy\Localization_Tool\File\output\Extend_en2zh
2025-12-16 21:34:33,894 - localization_tool - INFO - [N/A] - [GENERAL] - main.py:308 - 创建文件夹: c:\Users\Roki\Documents\GitHub\Tool\legacy\Localization_Tool\File\output\Extend_zh2en
2025-12-16 21:34:33,894 - localization_tool - INFO - [N/A] - [GENERAL] - main.py:310 - 项目结构检查完成，严格按照框架文档生成目录
2025-12-16 21:34:34,649 - localization_tool - INFO - [N/A] - [GENERAL] - main.py:706 - init_mode初始化完成，状态: success
2025-12-16 21:34:34,653 - localization_tool - INFO - [N/A] - [GENERAL] - main.py:837 - 命令行参数解析完成：mode=None, sub_flow=None
2025-12-16 21:34:34,654 - localization_tool - INFO - [N/A] - [GENERAL] - main.py:903 - 未指定模式，显示主菜单
2025-12-16 21:37:11,936 - localization_tool - INFO - [N/A] - [GENERAL] - main.py:905 - 用户选择主模式：1
2025-12-16 21:37:13,864 - localization_tool - INFO - [N/A] - [GENERAL] - main.py:910 - 用户选择Extract子流程：英文提取流程
2025-12-16 21:37:17,510 - localization_tool - INFO - [N/A] - [GENERAL] - main.py:946 - 模式执行完成：success
2025-12-16 21:37:17,510 - localization_tool - INFO - [N/A] - [GENERAL] - main.py:958 - 工具执行完成，退出
